  [1m[35m (492.5ms)[0m  [1m[35mCREATE DATABASE "email-viewer_development" ENCODING = 'unicode'[0m
  ↳ bin/rails:9
  [1m[35m (420.0ms)[0m  [1m[35mCREATE DATABASE "email-viewer_test" ENCODING = 'unicode'[0m
  ↳ bin/rails:9
  [1m[35m (24.2ms)[0m  [1m[35mCREATE TABLE "schema_migrations" ("version" character varying NOT NULL PRIMARY KEY)[0m
  ↳ bin/rails:9
  [1m[35m (22.1ms)[0m  [1m[35mCREATE TABLE "ar_internal_metadata" ("key" character varying NOT NULL PRIMARY KEY, "value" character varying, "created_at" timestamp NOT NULL, "updated_at" timestamp NOT NULL)[0m
  ↳ bin/rails:9
  [1m[35m (0.5ms)[0m  [1m[34mSELECT pg_try_advisory_lock(2837693281337217555)[0m
  ↳ bin/rails:9
  [1m[35m (0.5ms)[0m  [1m[34mSELECT "schema_migrations"."version" FROM "schema_migrations" ORDER BY "schema_migrations"."version" ASC[0m
  ↳ bin/rails:9
Migrating to CreateEmails (20180823113625)
  [1m[35m (0.2ms)[0m  [1m[35mBEGIN[0m
  ↳ bin/rails:9
  [1m[35m (15.1ms)[0m  [1m[35mCREATE TABLE "emails" ("id" bigserial primary key, "objet" character varying, "body" text, "created_at" timestamp NOT NULL, "updated_at" timestamp NOT NULL)[0m
  ↳ db/migrate/20180823113625_create_emails.rb:3
  [1m[36mActiveRecord::SchemaMigration Create (0.7ms)[0m  [1m[32mINSERT INTO "schema_migrations" ("version") VALUES ($1) RETURNING "version"[0m  [["version", "20180823113625"]]
  ↳ bin/rails:9
  [1m[35m (4.7ms)[0m  [1m[35mCOMMIT[0m
  ↳ bin/rails:9
  [1m[36mActiveRecord::InternalMetadata Load (0.3ms)[0m  [1m[34mSELECT  "ar_internal_metadata".* FROM "ar_internal_metadata" WHERE "ar_internal_metadata"."key" = $1 LIMIT $2[0m  [["key", "environment"], ["LIMIT", 1]]
  ↳ bin/rails:9
  [1m[35m (0.2ms)[0m  [1m[35mBEGIN[0m
  ↳ bin/rails:9
  [1m[36mActiveRecord::InternalMetadata Create (0.6ms)[0m  [1m[32mINSERT INTO "ar_internal_metadata" ("key", "value", "created_at", "updated_at") VALUES ($1, $2, $3, $4) RETURNING "key"[0m  [["key", "environment"], ["value", "development"], ["created_at", "2018-08-23 11:37:05.802559"], ["updated_at", "2018-08-23 11:37:05.802559"]]
  ↳ bin/rails:9
  [1m[35m (6.0ms)[0m  [1m[35mCOMMIT[0m
  ↳ bin/rails:9
  [1m[35m (0.4ms)[0m  [1m[34mSELECT pg_advisory_unlock(2837693281337217555)[0m
  ↳ bin/rails:9
  [1m[35m (0.6ms)[0m  [1m[34mSELECT "schema_migrations"."version" FROM "schema_migrations" ORDER BY "schema_migrations"."version" ASC[0m
  ↳ bin/rails:9
Started GET "/" for 127.0.0.1 at 2018-08-23 13:38:30 +0200
  [1m[35m (0.7ms)[0m  [1m[34mSELECT "schema_migrations"."version" FROM "schema_migrations" ORDER BY "schema_migrations"."version" ASC[0m
  ↳ /Users/steven/.rvm/gems/ruby-2.5.1/gems/activerecord-5.2.1/lib/active_record/log_subscriber.rb:98
Processing by EmailController#index as HTML
  Rendering email/index.html.erb within layouts/application
  Rendered email/index.html.erb within layouts/application (5.0ms)
Completed 200 OK in 983ms (Views: 961.2ms | ActiveRecord: 0.0ms)


Started GET "/" for 127.0.0.1 at 2018-08-23 13:49:25 +0200
  [1m[35m (0.7ms)[0m  [1m[34mSELECT "schema_migrations"."version" FROM "schema_migrations" ORDER BY "schema_migrations"."version" ASC[0m
  ↳ /Users/steven/.rvm/gems/ruby-2.5.1/gems/activerecord-5.2.1/lib/active_record/log_subscriber.rb:98
Processing by EmailController#index as HTML
  Rendering email/index.html.erb within layouts/application
  Rendered email/index.html.erb within layouts/application (0.7ms)
Completed 200 OK in 218ms (Views: 206.2ms | ActiveRecord: 0.0ms)


Started GET "/" for 127.0.0.1 at 2018-08-23 13:50:28 +0200
Processing by EmailController#index as HTML
  Rendering email/index.html.erb within layouts/application
  Rendered email/index.html.erb within layouts/application (0.4ms)
Completed 200 OK in 24ms (Views: 21.1ms | ActiveRecord: 0.0ms)


Started GET "/" for 127.0.0.1 at 2018-08-23 13:51:25 +0200
Processing by EmailController#index as HTML
  Rendering email/index.html.erb within layouts/application
  Rendered email/index.html.erb within layouts/application (0.3ms)
Completed 200 OK in 42ms (Views: 36.3ms | ActiveRecord: 0.0ms)


Started GET "/" for 127.0.0.1 at 2018-08-23 13:51:43 +0200
Processing by EmailController#index as HTML
  Rendering email/index.html.erb within layouts/application
  Rendered email/index.html.erb within layouts/application (0.3ms)
Completed 200 OK in 31ms (Views: 26.5ms | ActiveRecord: 0.0ms)


Started GET "/" for 127.0.0.1 at 2018-08-23 13:51:44 +0200
Processing by EmailController#index as HTML
  Rendering email/index.html.erb within layouts/application
  Rendered email/index.html.erb within layouts/application (0.5ms)
Completed 200 OK in 37ms (Views: 33.6ms | ActiveRecord: 0.0ms)


Started GET "/" for 127.0.0.1 at 2018-08-23 13:52:15 +0200
Processing by EmailController#index as HTML
  Rendering email/index.html.erb within layouts/application
  Rendered email/index.html.erb within layouts/application (0.6ms)
Completed 200 OK in 33ms (Views: 27.9ms | ActiveRecord: 0.0ms)


Started GET "/" for 127.0.0.1 at 2018-08-23 13:55:07 +0200
Processing by EmailController#index as HTML
  Rendering email/index.html.erb within layouts/application
  Rendered email/index.html.erb within layouts/application (0.3ms)
Completed 200 OK in 53ms (Views: 47.5ms | ActiveRecord: 0.0ms)


Started GET "/" for 127.0.0.1 at 2018-08-23 13:58:27 +0200
Processing by EmailController#index as HTML
  Rendering email/index.html.erb within layouts/application
  Rendered email/index.html.erb within layouts/application (0.5ms)
Completed 200 OK in 40ms (Views: 34.5ms | ActiveRecord: 0.0ms)


Started GET "/" for 127.0.0.1 at 2018-08-23 13:58:52 +0200
Processing by EmailController#index as HTML
  Rendering email/index.html.erb within layouts/application
  Rendered email/index.html.erb within layouts/application (0.3ms)
Completed 200 OK in 64ms (Views: 58.7ms | ActiveRecord: 0.0ms)


Started GET "/" for 127.0.0.1 at 2018-08-23 13:59:04 +0200
Processing by EmailController#index as HTML
  Rendering email/index.html.erb within layouts/application
  Rendered email/index.html.erb within layouts/application (0.3ms)
Completed 200 OK in 32ms (Views: 28.5ms | ActiveRecord: 0.0ms)


Started GET "/" for 127.0.0.1 at 2018-08-23 14:01:32 +0200
Processing by EmailController#index as HTML
  Rendering email/index.html.erb within layouts/application
  Rendered email/index.html.erb within layouts/application (0.4ms)
Completed 200 OK in 41ms (Views: 34.8ms | ActiveRecord: 0.0ms)


Started GET "/" for 127.0.0.1 at 2018-08-23 14:02:55 +0200
Processing by EmailController#index as HTML
  Rendering email/index.html.erb within layouts/application
  Rendered email/index.html.erb within layouts/application (0.3ms)
Completed 200 OK in 41ms (Views: 37.1ms | ActiveRecord: 0.0ms)


Started GET "/" for 127.0.0.1 at 2018-08-23 14:03:26 +0200
Processing by EmailController#index as HTML
  Rendering email/index.html.erb within layouts/application
  Rendered email/index.html.erb within layouts/application (0.3ms)
Completed 200 OK in 37ms (Views: 32.1ms | ActiveRecord: 0.0ms)


Started GET "/" for 127.0.0.1 at 2018-08-23 14:03:55 +0200
Processing by EmailController#index as HTML
  Rendering email/index.html.erb within layouts/application
  Rendered email/index.html.erb within layouts/application (0.5ms)
Completed 200 OK in 46ms (Views: 40.9ms | ActiveRecord: 0.0ms)


Started GET "/" for 127.0.0.1 at 2018-08-23 14:05:56 +0200
Processing by EmailController#index as HTML
  Rendering email/index.html.erb within layouts/application
  Rendered email/index.html.erb within layouts/application (0.7ms)
Completed 200 OK in 47ms (Views: 33.8ms | ActiveRecord: 0.0ms)


Started GET "/" for 127.0.0.1 at 2018-08-23 14:08:31 +0200
Processing by EmailController#index as HTML
  Rendering email/index.html.erb within layouts/application
  Rendered email/index.html.erb within layouts/application (0.3ms)
Completed 200 OK in 41ms (Views: 37.3ms | ActiveRecord: 0.0ms)


Started GET "/" for 127.0.0.1 at 2018-08-23 14:09:42 +0200
Processing by EmailController#index as HTML
  Rendering email/index.html.erb within layouts/application
  Rendered email/index.html.erb within layouts/application (0.6ms)
Completed 200 OK in 49ms (Views: 46.1ms | ActiveRecord: 0.0ms)


Started GET "/" for 127.0.0.1 at 2018-08-23 14:11:19 +0200
Processing by EmailController#index as HTML
  Rendering email/index.html.erb within layouts/application
  Rendered email/index.html.erb within layouts/application (0.3ms)
  Rendered layouts/_footer.html.erb (0.2ms)
Completed 200 OK in 48ms (Views: 43.4ms | ActiveRecord: 0.0ms)


Started GET "/" for 127.0.0.1 at 2018-08-23 14:16:14 +0200
Processing by EmailController#index as HTML
  Rendering email/index.html.erb within layouts/application
  Rendered email/index.html.erb within layouts/application (0.3ms)
  Rendered layouts/_footer.html.erb (0.4ms)
Completed 200 OK in 95ms (Views: 91.8ms | ActiveRecord: 0.0ms)


Started GET "/" for 127.0.0.1 at 2018-08-23 14:17:49 +0200
Processing by EmailController#index as HTML
  Rendering email/index.html.erb within layouts/application
  Rendered email/index.html.erb within layouts/application (0.3ms)
  Rendered layouts/_footer.html.erb (0.3ms)
Completed 200 OK in 29ms (Views: 25.8ms | ActiveRecord: 0.0ms)


Started GET "/" for 127.0.0.1 at 2018-08-23 14:26:25 +0200
Processing by EmailController#index as HTML
  Rendering email/index.html.erb within layouts/application
  Rendered email/index.html.erb within layouts/application (3.6ms)
  Rendered layouts/_footer.html.erb (0.5ms)
Completed 200 OK in 44ms (Views: 40.8ms | ActiveRecord: 0.0ms)


  [1m[35m (0.7ms)[0m  [1m[34mSELECT "schema_migrations"."version" FROM "schema_migrations" ORDER BY "schema_migrations"."version" ASC[0m
  ↳ bin/rails:9
  [1m[35m (0.2ms)[0m  [1m[35mBEGIN[0m
  ↳ db/seeds.rb:12
  [1m[36mEmail Create (3.5ms)[0m  [1m[32mINSERT INTO "emails" ("objet", "body", "created_at", "updated_at") VALUES ($1, $2, $3, $4) RETURNING "id"[0m  [["objet", "Han Solo"], ["body", "The circle is now complete. When I left you, I was but the learner. Now I am the master."], ["created_at", "2018-08-23 12:40:14.506772"], ["updated_at", "2018-08-23 12:40:14.506772"]]
  ↳ db/seeds.rb:12
  [1m[35m (1.6ms)[0m  [1m[35mCOMMIT[0m
  ↳ db/seeds.rb:12
  [1m[35m (0.2ms)[0m  [1m[35mBEGIN[0m
  ↳ db/seeds.rb:12
  [1m[36mEmail Create (0.3ms)[0m  [1m[32mINSERT INTO "emails" ("objet", "body", "created_at", "updated_at") VALUES ($1, $2, $3, $4) RETURNING "id"[0m  [["objet", "Leia Organa"], ["body", "The Force is strong with him. The son of Skywalker must not become a Jedi."], ["created_at", "2018-08-23 12:40:14.514747"], ["updated_at", "2018-08-23 12:40:14.514747"]]
  ↳ db/seeds.rb:12
  [1m[35m (1.2ms)[0m  [1m[35mCOMMIT[0m
  ↳ db/seeds.rb:12
  [1m[35m (0.2ms)[0m  [1m[35mBEGIN[0m
  ↳ db/seeds.rb:12
  [1m[36mEmail Create (0.3ms)[0m  [1m[32mINSERT INTO "emails" ("objet", "body", "created_at", "updated_at") VALUES ($1, $2, $3, $4) RETURNING "id"[0m  [["objet", "Chirrut Imwe"], ["body", "Mesa cause one, two-y little bitty axadentes, huh? Yud say boom de gasser, den crashin der bosses heyblibber, den banished."], ["created_at", "2018-08-23 12:40:14.518332"], ["updated_at", "2018-08-23 12:40:14.518332"]]
  ↳ db/seeds.rb:12
  [1m[35m (1.2ms)[0m  [1m[35mCOMMIT[0m
  ↳ db/seeds.rb:12
  [1m[35m (0.2ms)[0m  [1m[35mBEGIN[0m
  ↳ db/seeds.rb:12
  [1m[36mEmail Create (0.3ms)[0m  [1m[32mINSERT INTO "emails" ("objet", "body", "created_at", "updated_at") VALUES ($1, $2, $3, $4) RETURNING "id"[0m  [["objet", "Grand Moff Tarkin"], ["body", "Mesa called Jar-Jar Binks. Mesa your humble servant."], ["created_at", "2018-08-23 12:40:14.521817"], ["updated_at", "2018-08-23 12:40:14.521817"]]
  ↳ db/seeds.rb:12
  [1m[35m (1.5ms)[0m  [1m[35mCOMMIT[0m
  ↳ db/seeds.rb:12
  [1m[35m (0.3ms)[0m  [1m[35mBEGIN[0m
  ↳ db/seeds.rb:12
  [1m[36mEmail Create (0.4ms)[0m  [1m[32mINSERT INTO "emails" ("objet", "body", "created_at", "updated_at") VALUES ($1, $2, $3, $4) RETURNING "id"[0m  [["objet", "Padme Amidala"], ["body", "You can run, but you'll only die tired."], ["created_at", "2018-08-23 12:40:14.525553"], ["updated_at", "2018-08-23 12:40:14.525553"]]
  ↳ db/seeds.rb:12
  [1m[35m (1.4ms)[0m  [1m[35mCOMMIT[0m
  ↳ db/seeds.rb:12
  [1m[35m (0.2ms)[0m  [1m[35mBEGIN[0m
  ↳ db/seeds.rb:12
  [1m[36mEmail Create (0.3ms)[0m  [1m[32mINSERT INTO "emails" ("objet", "body", "created_at", "updated_at") VALUES ($1, $2, $3, $4) RETURNING "id"[0m  [["objet", "Supreme Leader Snoke"], ["body", "Let's just say my master will always do what needs to be done. I'm not even sure how peacetime will agree with him."], ["created_at", "2018-08-23 12:40:14.529286"], ["updated_at", "2018-08-23 12:40:14.529286"]]
  ↳ db/seeds.rb:12
  [1m[35m (1.3ms)[0m  [1m[35mCOMMIT[0m
  ↳ db/seeds.rb:12
  [1m[35m (0.2ms)[0m  [1m[35mBEGIN[0m
  ↳ db/seeds.rb:12
  [1m[36mEmail Create (0.3ms)[0m  [1m[32mINSERT INTO "emails" ("objet", "body", "created_at", "updated_at") VALUES ($1, $2, $3, $4) RETURNING "id"[0m  [["objet", "Sabine Wren"], ["body", "Remember your focus determines your reality."], ["created_at", "2018-08-23 12:40:14.532610"], ["updated_at", "2018-08-23 12:40:14.532610"]]
  ↳ db/seeds.rb:12
  [1m[35m (1.3ms)[0m  [1m[35mCOMMIT[0m
  ↳ db/seeds.rb:12
  [1m[35m (0.2ms)[0m  [1m[35mBEGIN[0m
  ↳ db/seeds.rb:12
  [1m[36mEmail Create (0.3ms)[0m  [1m[32mINSERT INTO "emails" ("objet", "body", "created_at", "updated_at") VALUES ($1, $2, $3, $4) RETURNING "id"[0m  [["objet", "Darth Sidious"], ["body", "You can't stop change any more than you can stop the suns from setting."], ["created_at", "2018-08-23 12:40:14.535958"], ["updated_at", "2018-08-23 12:40:14.535958"]]
  ↳ db/seeds.rb:12
  [1m[35m (1.3ms)[0m  [1m[35mCOMMIT[0m
  ↳ db/seeds.rb:12
  [1m[35m (0.2ms)[0m  [1m[35mBEGIN[0m
  ↳ db/seeds.rb:12
  [1m[36mEmail Create (0.3ms)[0m  [1m[32mINSERT INTO "emails" ("objet", "body", "created_at", "updated_at") VALUES ($1, $2, $3, $4) RETURNING "id"[0m  [["objet", "Chewbacca"], ["body", "Twice the pride, double the fall."], ["created_at", "2018-08-23 12:40:14.539314"], ["updated_at", "2018-08-23 12:40:14.539314"]]
  ↳ db/seeds.rb:12
  [1m[35m (1.3ms)[0m  [1m[35mCOMMIT[0m
  ↳ db/seeds.rb:12
  [1m[35m (0.2ms)[0m  [1m[35mBEGIN[0m
  ↳ db/seeds.rb:12
  [1m[36mEmail Create (0.3ms)[0m  [1m[32mINSERT INTO "emails" ("objet", "body", "created_at", "updated_at") VALUES ($1, $2, $3, $4) RETURNING "id"[0m  [["objet", "Chirrut Imwe"], ["body", "I won't have you question my methods."], ["created_at", "2018-08-23 12:40:14.542714"], ["updated_at", "2018-08-23 12:40:14.542714"]]
  ↳ db/seeds.rb:12
  [1m[35m (1.3ms)[0m  [1m[35mCOMMIT[0m
  ↳ db/seeds.rb:12
  [1m[36mEmail Load (0.4ms)[0m  [1m[34mSELECT  "emails".* FROM "emails" LIMIT $1[0m  [["LIMIT", 11]]
Started GET "/" for 127.0.0.1 at 2018-08-23 14:40:57 +0200
Processing by EmailController#index as HTML
  Rendering email/index.html.erb within layouts/application
  Rendered email/index.html.erb within layouts/application (0.7ms)
  Rendered layouts/_footer.html.erb (0.3ms)
Completed 200 OK in 36ms (Views: 32.6ms | ActiveRecord: 0.0ms)


Started GET "/" for 127.0.0.1 at 2018-08-23 14:42:48 +0200
Processing by EmailController#index as HTML
  Rendering email/index.html.erb within layouts/application
  Rendered email/index.html.erb within layouts/application (0.4ms)
  Rendered layouts/_footer.html.erb (0.3ms)
Completed 200 OK in 31ms (Views: 27.7ms | ActiveRecord: 0.0ms)


Started GET "/" for 127.0.0.1 at 2018-08-23 14:42:59 +0200
Processing by EmailController#index as HTML
  Rendering email/index.html.erb within layouts/application
  Rendered email/index.html.erb within layouts/application (35.0ms)
Completed 500 Internal Server Error in 46ms (ActiveRecord: 3.9ms)


  
ActionView::Template::Error (undefined method `objet' for #<Class:0x00007fdaad5e1ef8>
Did you mean?  object_id):
     8: 
     9: 
    10: 
    11:         <%= Email.objet.all %>
    12: 
    13: 
    14:     </div>
  
app/views/email/index.html.erb:11:in `_app_views_email_index_html_erb__1360387692926995188_70288598601060'
Started GET "/" for 127.0.0.1 at 2018-08-23 14:43:08 +0200
Processing by EmailController#index as HTML
  Rendering email/index.html.erb within layouts/application
  [1m[36mEmail Load (0.6ms)[0m  [1m[34mSELECT  "emails".* FROM "emails" LIMIT $1[0m  [["LIMIT", 11]]
  ↳ /Users/steven/.rvm/rubies/ruby-2.5.1/lib/ruby/gems/2.5.0/gems/did_you_mean-1.2.0/lib/did_you_mean/core_ext/name_error.rb:8
  Rendered email/index.html.erb within layouts/application (17.2ms)
Completed 500 Internal Server Error in 28ms (ActiveRecord: 3.8ms)


  
ActionView::Template::Error (undefined method `objet' for #<Email::ActiveRecord_Relation:0x00007fdab1588b60>
Did you mean?  object_id):
     8: 
     9: 
    10: 
    11:         <%= Email.all.objet %>
    12: 
    13: 
    14:     </div>
  
app/views/email/index.html.erb:11:in `_app_views_email_index_html_erb__1360387692926995188_70288621328560'
Started GET "/" for 127.0.0.1 at 2018-08-23 14:43:13 +0200
Processing by EmailController#index as HTML
  Rendering email/index.html.erb within layouts/application
  Rendered email/index.html.erb within layouts/application (0.4ms)
  Rendered layouts/_footer.html.erb (0.3ms)
Completed 200 OK in 30ms (Views: 26.3ms | ActiveRecord: 0.0ms)


Started GET "/" for 127.0.0.1 at 2018-08-23 14:45:56 +0200
Processing by EmailController#index as HTML
Completed 500 Internal Server Error in 2ms (ActiveRecord: 0.0ms)


  
ArgumentError (wrong number of arguments (given 2, expected 0..1)):
  
app/controllers/email_controller.rb:3:in `index'
Started GET "/" for 127.0.0.1 at 2018-08-23 14:46:13 +0200
Processing by EmailController#index as HTML
Completed 500 Internal Server Error in 1ms (ActiveRecord: 0.0ms)


  
ArgumentError (wrong number of arguments (given 2, expected 0..1)):
  
app/controllers/email_controller.rb:3:in `index'
Started GET "/" for 127.0.0.1 at 2018-08-23 14:46:28 +0200
Processing by EmailController#index as HTML
Completed 500 Internal Server Error in 2ms (ActiveRecord: 0.0ms)


  
ArgumentError (wrong number of arguments (given 2, expected 0..1)):
  
app/controllers/email_controller.rb:3:in `index'
Started GET "/" for 127.0.0.1 at 2018-08-23 14:49:41 +0200
Processing by EmailController#index as HTML
  Rendering email/index.html.erb within layouts/application
  [1m[36mEmail Load (0.4ms)[0m  [1m[34mSELECT "emails".* FROM "emails"[0m
  ↳ app/views/email/index.html.erb:9
  Rendered email/index.html.erb within layouts/application (9.0ms)
  Rendered layouts/_footer.html.erb (0.4ms)
Completed 200 OK in 37ms (Views: 28.6ms | ActiveRecord: 3.5ms)


Started GET "/" for 127.0.0.1 at 2018-08-23 14:50:07 +0200
Processing by EmailController#index as HTML
  Rendering email/index.html.erb within layouts/application
  [1m[36mEmail Load (0.3ms)[0m  [1m[34mSELECT "emails".* FROM "emails"[0m
  ↳ app/views/email/index.html.erb:9
  Rendered email/index.html.erb within layouts/application (1.5ms)
  Rendered layouts/_footer.html.erb (0.3ms)
Completed 200 OK in 29ms (Views: 26.0ms | ActiveRecord: 0.3ms)


Started GET "/" for 127.0.0.1 at 2018-08-23 14:50:10 +0200
Processing by EmailController#index as HTML
  Rendering email/index.html.erb within layouts/application
  [1m[36mEmail Load (1.0ms)[0m  [1m[34mSELECT "emails".* FROM "emails"[0m
  ↳ app/views/email/index.html.erb:9
  Rendered email/index.html.erb within layouts/application (2.7ms)
  Rendered layouts/_footer.html.erb (0.2ms)
Completed 200 OK in 49ms (Views: 43.0ms | ActiveRecord: 1.0ms)


Started GET "/" for 127.0.0.1 at 2018-08-23 14:50:11 +0200
Processing by EmailController#index as HTML
  Rendering email/index.html.erb within layouts/application
  [1m[36mEmail Load (0.3ms)[0m  [1m[34mSELECT "emails".* FROM "emails"[0m
  ↳ app/views/email/index.html.erb:9
  Rendered email/index.html.erb within layouts/application (1.8ms)
  Rendered layouts/_footer.html.erb (0.3ms)
Completed 200 OK in 41ms (Views: 37.3ms | ActiveRecord: 0.3ms)


Started GET "/" for 127.0.0.1 at 2018-08-23 14:50:12 +0200
Processing by EmailController#index as HTML
  Rendering email/index.html.erb within layouts/application
  [1m[36mEmail Load (0.4ms)[0m  [1m[34mSELECT "emails".* FROM "emails"[0m
  ↳ app/views/email/index.html.erb:9
  Rendered email/index.html.erb within layouts/application (2.2ms)
  Rendered layouts/_footer.html.erb (0.5ms)
Completed 200 OK in 51ms (Views: 47.0ms | ActiveRecord: 0.4ms)


Started GET "/" for 127.0.0.1 at 2018-08-23 14:50:46 +0200
Processing by EmailController#index as HTML
  Rendering email/index.html.erb within layouts/application
  [1m[36mEmail Load (0.4ms)[0m  [1m[34mSELECT "emails".* FROM "emails"[0m
  ↳ app/views/email/index.html.erb:10
  Rendered email/index.html.erb within layouts/application (1.6ms)
  Rendered layouts/_footer.html.erb (0.3ms)
Completed 200 OK in 30ms (Views: 26.8ms | ActiveRecord: 0.4ms)


Started GET "/" for 127.0.0.1 at 2018-08-23 14:50:59 +0200
Processing by EmailController#index as HTML
  Rendering email/index.html.erb within layouts/application
  [1m[36mEmail Load (0.3ms)[0m  [1m[34mSELECT "emails".* FROM "emails"[0m
  ↳ app/views/email/index.html.erb:10
  Rendered email/index.html.erb within layouts/application (1.5ms)
  Rendered layouts/_footer.html.erb (0.3ms)
Completed 200 OK in 33ms (Views: 30.0ms | ActiveRecord: 0.3ms)


Started GET "/" for 127.0.0.1 at 2018-08-23 14:51:17 +0200
Processing by EmailController#index as HTML
  Rendering email/index.html.erb within layouts/application
  [1m[36mEmail Load (0.3ms)[0m  [1m[34mSELECT "emails".* FROM "emails"[0m
  ↳ app/views/email/index.html.erb:10
  Rendered email/index.html.erb within layouts/application (1.5ms)
  Rendered layouts/_footer.html.erb (0.2ms)
Completed 200 OK in 39ms (Views: 35.3ms | ActiveRecord: 0.3ms)


Started GET "/" for 127.0.0.1 at 2018-08-23 14:52:00 +0200
Processing by EmailController#index as HTML
  Rendering email/index.html.erb within layouts/application
  [1m[36mEmail Load (0.4ms)[0m  [1m[34mSELECT "emails".* FROM "emails"[0m
  ↳ app/views/email/index.html.erb:10
  Rendered email/index.html.erb within layouts/application (2.1ms)
  Rendered layouts/_footer.html.erb (0.4ms)
Completed 200 OK in 29ms (Views: 25.7ms | ActiveRecord: 0.4ms)


Started GET "/" for 127.0.0.1 at 2018-08-23 14:52:06 +0200
Processing by EmailController#index as HTML
  Rendering email/index.html.erb within layouts/application
  [1m[36mEmail Load (0.3ms)[0m  [1m[34mSELECT "emails".* FROM "emails"[0m
  ↳ app/views/email/index.html.erb:10
  Rendered email/index.html.erb within layouts/application (1.5ms)
  Rendered layouts/_footer.html.erb (0.4ms)
Completed 200 OK in 30ms (Views: 27.1ms | ActiveRecord: 0.3ms)


Started GET "/" for 127.0.0.1 at 2018-08-23 14:52:09 +0200
Processing by EmailController#index as HTML
  Rendering email/index.html.erb within layouts/application
  [1m[36mEmail Load (0.9ms)[0m  [1m[34mSELECT "emails".* FROM "emails"[0m
  ↳ app/views/email/index.html.erb:10
  Rendered email/index.html.erb within layouts/application (2.5ms)
  Rendered layouts/_footer.html.erb (0.4ms)
Completed 200 OK in 45ms (Views: 39.2ms | ActiveRecord: 0.9ms)


Started GET "/" for 127.0.0.1 at 2018-08-23 14:52:09 +0200
Processing by EmailController#index as HTML
  Rendering email/index.html.erb within layouts/application
  [1m[36mEmail Load (6.6ms)[0m  [1m[34mSELECT "emails".* FROM "emails"[0m
  ↳ app/views/email/index.html.erb:10
  Rendered email/index.html.erb within layouts/application (8.4ms)
  Rendered layouts/_footer.html.erb (0.2ms)
Completed 200 OK in 60ms (Views: 44.4ms | ActiveRecord: 6.6ms)


